Arguments: 
  /home/konrad/Documents/BeerHangoutApp/.mvn/node/node /home/konrad/Documents/BeerHangoutApp/.mvn/node/yarn/dist/bin/yarn.js

PATH: 
  /home/konrad/Documents/BeerHangoutApp/.mvn/node:/home/konrad/Documents/BeerHangoutApp/.mvn/node/yarn/dist/bin:/usr/local/sbin:/usr/local/bin:/usr/sbin:/usr/bin:/sbin:/bin:/usr/games:/usr/local/games:/snap/bin:/usr/lib/jvm/java-8-oracle/bin:/usr/lib/jvm/java-8-oracle/db/bin:/usr/lib/jvm/java-8-oracle/jre/bin:/snap/bin:/usr/lib/jvm/java-8-oracle/bin:/usr/lib/jvm/java-8-oracle/db/bin:/usr/lib/jvm/java-8-oracle/jre/bin:

Yarn version: 
  0.18.0

Node version: 
  7.2.0

Platform: 
  linux x64

npm manifest: 
  {
    "name": "Hangouts",
    "version": "0.1.0",
    "private": true,
    "proxy": "http://localhost:8080",
    "devDependencies": {
      "react-hot-loader": "3.0.0-beta.6",
      "react-scripts": "0.9.5",
      "semantic-ui": "^2.2.9"
    },
    "dependencies": {
      "axios": "^0.15.3",
      "leaflet": "^1.0.3",
      "react": "^15.4.2",
      "react-dom": "^15.4.2",
      "react-leaflet": "^1.1.3",
      "react-redux": "^5.0.3",
      "react-router": "^3.0.2",
      "react-router-redux": "^4.0.8",
      "redux": "^3.6.0",
      "redux-form": "^6.6.1",
      "redux-thunk": "^2.2.0",
      "semantic-ui-react": "^0.67.1"
    },
    "scripts": {
      "start": "react-scripts start",
      "build": "react-scripts build",
      "test": "react-scripts test --env=jsdom",
      "eject": "react-scripts eject"
    }
  }

yarn manifest: 
  No manifest

Lockfile: 
  No lockfile

Trace: 
  Error: getaddrinfo EAI_AGAIN registry.yarnpkg.com:443
      at Object.exports._errnoException (util.js:1022:11)
      at errnoException (dns.js:33:15)
      at GetAddrInfoReqWrap.onlookup [as oncomplete] (dns.js:76:26)
